# Logfile created on 2013-01-09 10:42:44 -0500 by logger.rb/31641
Questionable Record: Merchant  Date  Ends  Deal  Price Value 

adv name=Burger King
start at=10/2/2011
end_at=10/4/2011
description=Your way
price=25
value=50
--------------------------
adv name=McDonalds
start at=10/5/2011
end_at=2013-01-10 15:42:45 UTC
description=Not really food
price=22
value=44
--------------------------
adv name=Arbys
start at=10/8/2011
end_at=10/10/2011
description=More burgers
price=7
value=14
--------------------------
Questionable Record: Wendy's crap food 8 25

Questionable Record, Not Saved: Merchant  Date  Ends  Deal  Price Value 

adv name=Burger King
start at=10/2/2011
end_at=10/4/2011
description=Your way
price=25
value=50
--------------------------
adv name=McDonalds
start at=10/5/2011
end_at=2013-01-10 15:51:21 UTC
description=Not really food
price=22
value=44
--------------------------
adv name=Arbys
start at=10/8/2011
end_at=10/10/2011
description=More burgers
price=7
value=14
--------------------------
Questionable Record, Not Saved: Wendy's crap food 8 25

Questionable Record, Not Saved: Merchant  Date  Ends  Deal  Price Value 

adv name=Burger King
start at=10/2/2011
end_at=10/4/2011
description=Your way
price=25
value=50
--------------------------
adv name=McDonalds
start at=10/5/2011
end_at=2013-01-10 15:58:29 UTC
description=Not really food
price=22
value=44
--------------------------
adv name=Arbys
start at=10/8/2011
end_at=10/10/2011
description=More burgers
price=7
value=14
--------------------------
adv name=Wendy's crap
start at=10/1/13
end_at=2013-01-10 15:58:30 UTC
description=crappy food
price=8
value=25
--------------------------
Questionable Record, Not Saved: Merchant  Date  Ends  Deal  Price Value 

Questionable Record, Not Saved: Merchant  Date  Ends  Deal  Price Value 

adv name=Burger King
start at=02/10/2011
end_at=04/10/2011
description=Your way
price=25
value=50
--------------------------
Questionable Record, Not Saved: Merchant  Date  Ends  Deal  Price Value 

adv name=Burger King
start at=02/10/2011
end_at=04/10/2011
description=Your way
price=25
value=50
--------------------------
adv name=McDonalds
start at=05/10/2011
end_at=01/10/2013
description=Not really food
price=22
value=44
--------------------------
adv name=Arbys
start at=08/10/2011
end_at=10/10/2011
description=More burgers
price=7
value=14
--------------------------
adv name=Wendy's crap
start at=01/13/2010
end_at=01/10/2013
description=crappy food
price=8
value=25
--------------------------
Questionable Record, Not Saved: Merchant  Date  Ends  Deal  Price Value 

Questionable Record, Not Saved: Merchant  Date  Ends  Deal  Price Value 

Questionable Record, Not Saved: Merchant  Date  Ends  Deal  Price Value 

Questionable Record, Not Saved: Merchant  Date  Ends  Deal  Price Value 

Questionable Record, Not Saved: Merchant  Date  Ends  Deal  Price Value 

Questionable Record, Not Saved: Merchant  Date  Ends  Deal  Price Value 

adv name=Burger King
start at=10/2/2011
end_at=10/4/2011
description=Your way
price=25
value=50
--------------------------
Questionable Record, Not Saved: Merchant  Date  Ends  Deal  Price Value 

Questionable Record, Not Saved: Merchant  Date  Ends  Deal  Price Value 

adv name=Burger King
start at=10/2/2011
end_at=10/4/2011
description=Your way
price=25
value=50
--------------------------
adv name=McDonalds
start at=10/5/2011
end_at=2013-01-10 16:37:03 UTC
description=Not really food
price=22
value=44
--------------------------
adv name=Arbys
start at=10/8/2011
end_at=10/10/2011
description=More burgers
price=7
value=14
--------------------------
adv name=Wendy's crap
start at=10/1/13
end_at=2013-01-10 16:37:04 UTC
description=crappy food
price=8
value=25
--------------------------
Questionable Record, Not Saved: Merchant  Date  Ends  Deal  Price Value 

adv name=Burger King
start at=10/2/2011
end_at=10/4/2011
description=Your way
price=25
value=50
--------------------------
adv name=McDonalds
start at=10/5/2011
end_at=2013-01-10 16:38:41 UTC
description=Not really food
price=22
value=44
--------------------------
adv name=Arbys
start at=10/8/2011
end_at=10/10/2011
description=More burgers
price=7
value=14
--------------------------
adv name=Wendy's crap
start at=10/1/13
end_at=2013-01-10 16:38:42 UTC
description=crappy food
price=8
value=25
--------------------------
Questionable Record, Not Saved: Merchant  Date  Ends  Deal  Price Value 

adv name=Burger King
start at=10/2/2011
end_at=10/4/2011
description=Your way
price=25
value=50
--------------------------
adv name=McDonalds
start at=10/5/2011
end_at=2013-01-10 16:39:41 UTC
description=Not really food
price=22
value=44
--------------------------
adv name=Arbys
start at=10/8/2011
end_at=10/10/2011
description=More burgers
price=7
value=14
--------------------------
adv name=Wendy's crap
start at=10/1/13
end_at=2013-01-10 16:39:42 UTC
description=crappy food
price=8
value=25
--------------------------
Questionable Record, Not Saved: Merchant  Date  Ends  Deal  Price Value 

adv name=Burger King
start at=10/2/2011
end_at=10/4/2011
description=Your way
price=25
value=50
--------------------------
adv name=McDonalds
start at=10/5/2011
end_at=2013-01-10 16:41:52 UTC
description=Not really food
price=22
value=44
--------------------------
adv name=Arbys
start at=10/8/2011
end_at=10/10/2011
description=More burgers
price=7
value=14
--------------------------
adv name=Wendy's crap
start at=10/1/13
end_at=2013-01-10 16:41:53 UTC
description=crappy food
price=8
value=25
--------------------------
Questionable Record, Not Saved: Merchant  Date  Ends  Deal  Price Value 

adv name=Burger King
start at=10/2/2011
end_at=10/4/2011
description=Your way
price=25
value=50
--------------------------
adv name=McDonalds
start at=10/5/2011
end_at=2013-01-10 16:43:20 UTC
description=Not really food
price=22
value=44
--------------------------
adv name=Arbys
start at=10/8/2011
end_at=10/10/2011
description=More burgers
price=7
value=14
--------------------------
adv name=Wendy's crap
start at=10/1/13
end_at=2013-01-10 16:43:21 UTC
description=crappy food
price=8
value=25
--------------------------
Questionable Record, Not Saved: Merchant  Date  Ends  Deal  Price Value 

adv name=Burger King
start at=10/2/2011
end_at=10/4/2011
description=Your way
price=25
value=50
--------------------------
adv name=McDonalds
start at=10/5/2011
end_at=2013-01-10 16:44:46 UTC
description=Not really food
price=22
value=44
--------------------------
adv name=Arbys
start at=10/8/2011
end_at=10/10/2011
description=More burgers
price=7
value=14
--------------------------
adv name=Wendy's crap
start at=10/1/13
end_at=2013-01-10 16:44:48 UTC
description=crappy food
price=8
value=25
--------------------------
Questionable Record, Not Saved: Merchant  Date  Ends  Deal  Price Value 

adv name=Burger King
start at=10/2/2011
end_at=10/4/2011
description=Your way
price=25
value=50
--------------------------
adv name=McDonalds
start at=10/5/2011
end_at=2013-01-10 16:51:42 UTC
description=Not really food
price=22
value=44
--------------------------
adv name=Arbys
start at=10/8/2011
end_at=10/10/2011
description=More burgers
price=7
value=14
--------------------------
adv name=Wendy's crap
start at=10/1/13
end_at=2013-01-10 16:51:45 UTC
description=crappy food
price=8
value=25
--------------------------
Questionable Record, Not Saved: Merchant  Date  Ends  Deal  Price Value 

Questionable Record, Not Saved: Merchant  Date  Ends  Deal  Price Value 

Questionable Record, Not Saved: Merchant  Date  Ends  Deal  Price Value 

Questionable Record, Not Saved: Merchant  Date  Ends  Deal  Price Value 

adv name=Burger King
start at=
end_at=
description=Your way
price=25
value=50
--------------------------
Questionable Record, Not Saved: Merchant  Date  Ends  Deal  Price Value 

adv name=Burger King
start at=
end_at=
description=Your way
price=25
value=50
--------------------------
Questionable Record, Not Saved: Merchant  Date  Ends  Deal  Price Value 

adv name=Burger King
start at=
end_at=
description=Your way
price=25
value=50
--------------------------
Questionable Record, Not Saved: Merchant  Date  Ends  Deal  Price Value 

adv name=Burger King
start at=
end_at=
description=Your way
price=25
value=50
--------------------------
Questionable Record, Not Saved: Merchant  Date  Ends  Deal  Price Value 

adv name=Burger King
start at=2011-10-02
end_at=2011-10-04
description=Your way
price=25
value=50
--------------------------
adv name=McDonalds
start at=2011-10-05
end_at=2013-01-10 17:10:48 UTC
description=Not really food
price=22
value=44
--------------------------
adv name=Arbys
start at=2011-10-08
end_at=2011-10-10
description=More burgers
price=7
value=14
--------------------------
adv name=Wendy's crap
start at=0001-10-13
end_at=2013-01-10 17:10:50 UTC
description=crappy food
price=8
value=25
--------------------------
Questionable Record, Not Saved: Merchant  Date  Ends  Deal  Price Value 

adv name=Burger King
start at=2011-02-10
end_at=2011-04-10
description=Your way
price=25
value=50
--------------------------
adv name=McDonalds
start at=2011-05-10
end_at=2013-01-10 17:16:09 UTC
description=Not really food
price=22
value=44
--------------------------
adv name=Arbys
start at=2011-08-10
end_at=2011-10-10
description=More burgers
price=7
value=14
--------------------------
adv name=Wendy's crap
start at=0013-01-10
end_at=2013-01-10 17:16:09 UTC
description=crappy food
price=8
value=25
--------------------------
Questionable Record, Not Saved: Merchant  Date  Ends  Deal  Price Value 

adv name=Burger King
start at=2011-10-02
end_at=2011-10-04
description=Your way
price=25
value=50
--------------------------
adv name=McDonalds
start at=2011-10-05
end_at=2013-01-10 17:16:47 UTC
description=Not really food
price=22
value=44
--------------------------
adv name=Arbys
start at=2011-10-08
end_at=2011-10-10
description=More burgers
price=7
value=14
--------------------------
adv name=Wendy's crap
start at=0013-10-01
end_at=2013-01-10 17:16:48 UTC
description=crappy food
price=8
value=25
--------------------------
Questionable Record, Not Saved: Merchant  Date  Ends  Deal  Price Value 

adv name=Burger King
start at=2011-10-02
end_at=2011-10-04
description=Your way
price=25
value=50
--------------------------
adv name=McDonalds
start at=2011-10-05
end_at=2013-01-10 17:25:51 UTC
description=Not really food
price=22
value=44
--------------------------
adv name=Arbys
start at=2011-10-08
end_at=2011-10-10
description=More burgers
price=7
value=14
--------------------------
adv name=Wendy's crap
start at=0013-07-12
end_at=0013-10-01
description=crappy food
price=8
value=25
--------------------------
Questionable Record, Not Saved: Merchant  Date  Ends  Deal  Price Value 

adv name=Burger King
start at=2011-10-02
end_at=2011-10-04
description=Your way
price=25
value=50
--------------------------
adv name=McDonalds
start at=2011-10-05
end_at=2013-01-10 17:47:33 UTC
description=Not really food
price=22
value=44
--------------------------
adv name=Arbys
start at=2011-10-08
end_at=2011-10-10
description=More burgers
price=7
value=14
--------------------------
adv name=Wendy's crap
start at=0013-07-12
end_at=0013-10-01
description=crappy food
price=8
value=25
--------------------------
